[2021-01-21 20:47:56] app.ERROR: Data from PrestaShop Addons is invalid, and cannot fallback on cache.  {"exception":"cURL error 28: Operation timed out after 5003 milliseconds with 577523 bytes received"} []
[2021-01-21 20:47:57] app.INFO: Protect vendor folder in module contactform [] []
[2021-01-21 20:47:57] app.INFO: Module contactform has no vendor folder [] []
[2021-01-21 20:47:57] app.INFO: Protect vendor folder in module dashactivity [] []
[2021-01-21 20:47:57] app.INFO: Module dashactivity has no vendor folder [] []
[2021-01-21 20:47:57] app.INFO: Protect vendor folder in module dashgoals [] []
[2021-01-21 20:47:57] app.INFO: Module dashgoals has no vendor folder [] []
[2021-01-21 20:47:57] app.INFO: Protect vendor folder in module dashproducts [] []
[2021-01-21 20:47:57] app.INFO: Module dashproducts has no vendor folder [] []
[2021-01-21 20:47:57] app.INFO: Protect vendor folder in module dashtrends [] []
[2021-01-21 20:47:57] app.INFO: Module dashtrends has no vendor folder [] []
[2021-01-21 20:47:57] app.INFO: Protect vendor folder in module graphnvd3 [] []
[2021-01-21 20:47:57] app.INFO: Module graphnvd3 has no vendor folder [] []
[2021-01-21 20:47:57] app.INFO: Protect vendor folder in module gridhtml [] []
[2021-01-21 20:47:57] app.INFO: Module gridhtml has no vendor folder [] []
[2021-01-21 20:47:57] app.INFO: Protect vendor folder in module gsitemap [] []
[2021-01-21 20:47:57] app.INFO: Module gsitemap has no vendor folder [] []
[2021-01-21 20:47:58] app.INFO: Protect vendor folder in module pagesnotfound [] []
[2021-01-21 20:47:58] app.INFO: Module pagesnotfound has no vendor folder [] []
[2021-01-21 20:47:58] app.INFO: Protect vendor folder in module productcomments [] []
[2021-01-21 20:47:58] app.INFO: Module productcomments has no vendor folder [] []
[2021-01-21 20:47:58] app.INFO: Protect vendor folder in module ps_banner [] []
[2021-01-21 20:47:58] app.INFO: Module ps_banner has no vendor folder [] []
[2021-01-21 20:47:58] app.INFO: Protect vendor folder in module ps_categorytree [] []
[2021-01-21 20:47:58] app.INFO: Module ps_categorytree has no vendor folder [] []
[2021-01-21 20:47:58] app.INFO: Protect vendor folder in module ps_checkpayment [] []
[2021-01-21 20:47:58] app.INFO: Module ps_checkpayment has no vendor folder [] []
[2021-01-21 20:47:58] app.INFO: Protect vendor folder in module ps_contactinfo [] []
[2021-01-21 20:47:58] app.INFO: Module ps_contactinfo has no vendor folder [] []
[2021-01-21 20:47:58] app.INFO: Protect vendor folder in module ps_crossselling [] []
[2021-01-21 20:47:58] app.INFO: Module ps_crossselling has no vendor folder [] []
[2021-01-21 20:47:58] app.INFO: Protect vendor folder in module ps_currencyselector [] []
[2021-01-21 20:47:58] app.INFO: Module ps_currencyselector has no vendor folder [] []
[2021-01-21 20:47:58] app.INFO: Protect vendor folder in module ps_customeraccountlinks [] []
[2021-01-21 20:47:58] app.INFO: Module ps_customeraccountlinks has no vendor folder [] []
[2021-01-21 20:47:59] app.INFO: Protect vendor folder in module ps_customersignin [] []
[2021-01-21 20:47:59] app.INFO: Module ps_customersignin has no vendor folder [] []
[2021-01-21 20:47:59] app.INFO: Protect vendor folder in module ps_customtext [] []
[2021-01-21 20:47:59] app.INFO: Module ps_customtext has no vendor folder [] []
[2021-01-21 20:47:59] app.INFO: Protect vendor folder in module ps_dataprivacy [] []
[2021-01-21 20:47:59] app.INFO: Module ps_dataprivacy has no vendor folder [] []
[2021-01-21 20:47:59] app.INFO: Protect vendor folder in module ps_emailsubscription [] []
[2021-01-21 20:47:59] app.INFO: Module ps_emailsubscription has no vendor folder [] []
[2021-01-21 20:48:00] app.INFO: Protect vendor folder in module ps_facetedsearch [] []
[2021-01-21 20:48:00] app.INFO: Module ps_facetedsearch has no vendor folder [] []
[2021-01-21 20:48:00] app.INFO: Protect vendor folder in module ps_faviconnotificationbo [] []
[2021-01-21 20:48:00] app.INFO: Module ps_faviconnotificationbo has no vendor folder [] []
[2021-01-21 20:48:00] app.INFO: Protect vendor folder in module ps_featuredproducts [] []
[2021-01-21 20:48:00] app.INFO: Module ps_featuredproducts has no vendor folder [] []
[2021-01-21 20:48:00] app.INFO: Protect vendor folder in module ps_imageslider [] []
[2021-01-21 20:48:00] app.INFO: Module ps_imageslider has no vendor folder [] []
[2021-01-21 20:48:00] app.INFO: Protect vendor folder in module ps_languageselector [] []
[2021-01-21 20:48:00] app.INFO: Module ps_languageselector has no vendor folder [] []
[2021-01-21 20:48:01] app.INFO: Protect vendor folder in module ps_linklist [] []
[2021-01-21 20:48:01] app.INFO: Module ps_linklist has no vendor folder [] []
[2021-01-21 20:48:01] app.ERROR: Cannot register tab "AdminLinkWidget" because it already exists [] []
[2021-01-21 20:48:01] app.INFO: Protect vendor folder in module ps_mainmenu [] []
[2021-01-21 20:48:01] app.INFO: Module ps_mainmenu has no vendor folder [] []
[2021-01-21 20:48:01] app.INFO: Protect vendor folder in module ps_searchbar [] []
[2021-01-21 20:48:01] app.INFO: Module ps_searchbar has no vendor folder [] []
[2021-01-21 20:48:01] app.INFO: Protect vendor folder in module ps_sharebuttons [] []
[2021-01-21 20:48:01] app.INFO: Module ps_sharebuttons has no vendor folder [] []
[2021-01-21 20:48:01] app.INFO: Protect vendor folder in module ps_shoppingcart [] []
[2021-01-21 20:48:01] app.INFO: Module ps_shoppingcart has no vendor folder [] []
[2021-01-21 20:48:02] app.INFO: Protect vendor folder in module ps_socialfollow [] []
[2021-01-21 20:48:02] app.INFO: Module ps_socialfollow has no vendor folder [] []
[2021-01-21 20:48:02] app.INFO: Protect vendor folder in module ps_themecusto [] []
[2021-01-21 20:48:02] app.INFO: Module ps_themecusto has no vendor folder [] []
[2021-01-21 20:48:02] app.INFO: Protect vendor folder in module ps_wirepayment [] []
[2021-01-21 20:48:02] app.INFO: Module ps_wirepayment has no vendor folder [] []
[2021-01-21 20:48:02] app.INFO: Protect vendor folder in module sekeywords [] []
[2021-01-21 20:48:02] app.INFO: Module sekeywords has no vendor folder [] []
[2021-01-21 20:48:02] app.INFO: Protect vendor folder in module statsbestcategories [] []
[2021-01-21 20:48:02] app.INFO: Module statsbestcategories has no vendor folder [] []
[2021-01-21 20:48:02] app.INFO: Protect vendor folder in module statsbestcustomers [] []
[2021-01-21 20:48:02] app.INFO: Module statsbestcustomers has no vendor folder [] []
[2021-01-21 20:48:02] app.INFO: Protect vendor folder in module statsbestproducts [] []
[2021-01-21 20:48:02] app.INFO: Module statsbestproducts has no vendor folder [] []
[2021-01-21 20:48:02] app.INFO: Protect vendor folder in module statsbestsuppliers [] []
[2021-01-21 20:48:02] app.INFO: Module statsbestsuppliers has no vendor folder [] []
[2021-01-21 20:48:02] app.INFO: Protect vendor folder in module statsbestvouchers [] []
[2021-01-21 20:48:02] app.INFO: Module statsbestvouchers has no vendor folder [] []
[2021-01-21 20:48:02] app.INFO: Protect vendor folder in module statscarrier [] []
[2021-01-21 20:48:02] app.INFO: Module statscarrier has no vendor folder [] []
[2021-01-21 20:48:02] app.INFO: Protect vendor folder in module statscatalog [] []
[2021-01-21 20:48:02] app.INFO: Module statscatalog has no vendor folder [] []
[2021-01-21 20:48:02] app.INFO: Protect vendor folder in module statscheckup [] []
[2021-01-21 20:48:02] app.INFO: Module statscheckup has no vendor folder [] []
[2021-01-21 20:48:02] app.INFO: Protect vendor folder in module statsdata [] []
[2021-01-21 20:48:02] app.INFO: Module statsdata has no vendor folder [] []
[2021-01-21 20:48:02] app.INFO: Protect vendor folder in module statsequipment [] []
[2021-01-21 20:48:02] app.INFO: Module statsequipment has no vendor folder [] []
[2021-01-21 20:48:03] app.INFO: Protect vendor folder in module statsforecast [] []
[2021-01-21 20:48:03] app.INFO: Module statsforecast has no vendor folder [] []
[2021-01-21 20:48:03] app.INFO: Protect vendor folder in module statslive [] []
[2021-01-21 20:48:03] app.INFO: Module statslive has no vendor folder [] []
[2021-01-21 20:48:03] app.INFO: Protect vendor folder in module statsnewsletter [] []
[2021-01-21 20:48:03] app.INFO: Module statsnewsletter has no vendor folder [] []
[2021-01-21 20:48:03] app.INFO: Protect vendor folder in module statsorigin [] []
[2021-01-21 20:48:03] app.INFO: Module statsorigin has no vendor folder [] []
[2021-01-21 20:48:03] app.INFO: Protect vendor folder in module statspersonalinfos [] []
[2021-01-21 20:48:03] app.INFO: Module statspersonalinfos has no vendor folder [] []
[2021-01-21 20:48:03] app.INFO: Protect vendor folder in module statsproduct [] []
[2021-01-21 20:48:03] app.INFO: Module statsproduct has no vendor folder [] []
[2021-01-21 20:48:03] app.INFO: Protect vendor folder in module statsregistrations [] []
[2021-01-21 20:48:03] app.INFO: Module statsregistrations has no vendor folder [] []
[2021-01-21 20:48:03] app.INFO: Protect vendor folder in module statssales [] []
[2021-01-21 20:48:03] app.INFO: Module statssales has no vendor folder [] []
[2021-01-21 20:48:03] app.INFO: Protect vendor folder in module statssearch [] []
[2021-01-21 20:48:03] app.INFO: Module statssearch has no vendor folder [] []
[2021-01-21 20:48:03] app.INFO: Protect vendor folder in module statsstock [] []
[2021-01-21 20:48:03] app.INFO: Module statsstock has no vendor folder [] []
[2021-01-21 20:48:03] app.INFO: Protect vendor folder in module statsvisits [] []
[2021-01-21 20:48:03] app.INFO: Module statsvisits has no vendor folder [] []
[2021-01-21 20:48:03] app.INFO: Protect vendor folder in module welcome [] []
[2021-01-21 20:48:03] app.INFO: Module welcome has no vendor folder [] []
[2021-01-21 20:48:08] app.INFO: Exporting mail with theme modern for language Français (French) [] []
[2021-01-21 20:48:08] app.INFO: Core output folder: C:\wamp64\www\Test\PlutonShop/mails [] []
[2021-01-21 20:48:08] app.INFO: Modules output folder: C:\wamp64\www\Test\PlutonShop/modules/ [] []
[2021-01-21 20:50:07] app.ERROR: Data from PrestaShop Addons is invalid, and cannot fallback on cache.  {"exception":"cURL error 28: Operation timed out after 5013 milliseconds with 595811 bytes received"} []
[2021-01-21 20:50:07] app.INFO: Protect vendor folder in module gamification [] []
[2021-01-21 20:50:08] app.INFO: Protect vendor folder in module emarketing [] []
[2021-01-21 20:50:08] app.INFO: Protect vendor folder in module psaddonsconnect [] []
[2021-01-21 20:50:08] app.INFO: Protect vendor folder in module psgdpr [] []
[2021-01-21 20:50:09] app.INFO: Protect vendor folder in module ps_mbo [] []
[2021-01-21 20:50:09] app.INFO: Protect vendor folder in module ps_buybuttonlite [] []
[2021-01-21 20:50:10] app.INFO: Protect vendor folder in module ps_accounts [] []
[2021-01-21 20:50:10] app.INFO: Module ps_accounts has no vendor folder [] []
[2021-01-21 20:52:01] app.ERROR: Data from PrestaShop Addons is invalid, and cannot fallback on cache.  {"exception":"Client error response [url] https://api-addons.prestashop.com?format=json&iso_lang=fr&iso_code=FR&version=1.7.7.1&shop_url&method=listing&action=customer&username=&password= [status code] 400 [reason phrase] Bad Request"} []
[2021-01-21 20:52:02] app.INFO: Protect vendor folder in module contactform [] []
[2021-01-21 20:52:02] app.INFO: Module contactform has no vendor folder [] []
[2021-01-21 20:52:02] app.INFO: Protect vendor folder in module dashactivity [] []
[2021-01-21 20:52:02] app.INFO: Module dashactivity has no vendor folder [] []
[2021-01-21 20:52:02] app.INFO: Protect vendor folder in module dashgoals [] []
[2021-01-21 20:52:02] app.INFO: Module dashgoals has no vendor folder [] []
[2021-01-21 20:52:02] app.INFO: Protect vendor folder in module dashproducts [] []
[2021-01-21 20:52:02] app.INFO: Module dashproducts has no vendor folder [] []
[2021-01-21 20:52:02] app.INFO: Protect vendor folder in module dashtrends [] []
[2021-01-21 20:52:02] app.INFO: Module dashtrends has no vendor folder [] []
[2021-01-21 20:52:02] app.INFO: Protect vendor folder in module graphnvd3 [] []
[2021-01-21 20:52:02] app.INFO: Module graphnvd3 has no vendor folder [] []
[2021-01-21 20:52:02] app.INFO: Protect vendor folder in module gridhtml [] []
[2021-01-21 20:52:02] app.INFO: Module gridhtml has no vendor folder [] []
[2021-01-21 20:52:02] app.INFO: Protect vendor folder in module gsitemap [] []
[2021-01-21 20:52:02] app.INFO: Module gsitemap has no vendor folder [] []
[2021-01-21 20:52:02] app.INFO: Protect vendor folder in module pagesnotfound [] []
[2021-01-21 20:52:02] app.INFO: Module pagesnotfound has no vendor folder [] []
[2021-01-21 20:52:03] app.INFO: Protect vendor folder in module productcomments [] []
[2021-01-21 20:52:03] app.INFO: Module productcomments has no vendor folder [] []
[2021-01-21 20:52:03] app.INFO: Protect vendor folder in module ps_banner [] []
[2021-01-21 20:52:03] app.INFO: Module ps_banner has no vendor folder [] []
[2021-01-21 20:52:03] app.INFO: Protect vendor folder in module ps_categorytree [] []
[2021-01-21 20:52:03] app.INFO: Module ps_categorytree has no vendor folder [] []
[2021-01-21 20:52:03] app.INFO: Protect vendor folder in module ps_checkpayment [] []
[2021-01-21 20:52:03] app.INFO: Module ps_checkpayment has no vendor folder [] []
[2021-01-21 20:52:03] app.INFO: Protect vendor folder in module ps_contactinfo [] []
[2021-01-21 20:52:03] app.INFO: Module ps_contactinfo has no vendor folder [] []
[2021-01-21 20:52:03] app.INFO: Protect vendor folder in module ps_crossselling [] []
[2021-01-21 20:52:03] app.INFO: Module ps_crossselling has no vendor folder [] []
[2021-01-21 20:52:03] app.INFO: Protect vendor folder in module ps_currencyselector [] []
[2021-01-21 20:52:03] app.INFO: Module ps_currencyselector has no vendor folder [] []
[2021-01-21 20:52:03] app.INFO: Protect vendor folder in module ps_customeraccountlinks [] []
[2021-01-21 20:52:03] app.INFO: Module ps_customeraccountlinks has no vendor folder [] []
[2021-01-21 20:52:03] app.INFO: Protect vendor folder in module ps_customersignin [] []
[2021-01-21 20:52:03] app.INFO: Module ps_customersignin has no vendor folder [] []
[2021-01-21 20:52:03] app.INFO: Protect vendor folder in module ps_customtext [] []
[2021-01-21 20:52:03] app.INFO: Module ps_customtext has no vendor folder [] []
[2021-01-21 20:52:03] app.INFO: Protect vendor folder in module ps_dataprivacy [] []
[2021-01-21 20:52:03] app.INFO: Module ps_dataprivacy has no vendor folder [] []
[2021-01-21 20:52:03] app.INFO: Protect vendor folder in module ps_emailsubscription [] []
[2021-01-21 20:52:03] app.INFO: Module ps_emailsubscription has no vendor folder [] []
[2021-01-21 20:52:04] app.INFO: Protect vendor folder in module ps_facetedsearch [] []
[2021-01-21 20:52:04] app.INFO: Module ps_facetedsearch has no vendor folder [] []
[2021-01-21 20:52:04] app.INFO: Protect vendor folder in module ps_faviconnotificationbo [] []
[2021-01-21 20:52:04] app.INFO: Module ps_faviconnotificationbo has no vendor folder [] []
[2021-01-21 20:52:04] app.INFO: Protect vendor folder in module ps_featuredproducts [] []
[2021-01-21 20:52:04] app.INFO: Module ps_featuredproducts has no vendor folder [] []
[2021-01-21 20:52:04] app.INFO: Protect vendor folder in module ps_imageslider [] []
[2021-01-21 20:52:04] app.INFO: Module ps_imageslider has no vendor folder [] []
[2021-01-21 20:52:04] app.INFO: Protect vendor folder in module ps_languageselector [] []
[2021-01-21 20:52:04] app.INFO: Module ps_languageselector has no vendor folder [] []
[2021-01-21 20:52:04] app.INFO: Protect vendor folder in module ps_linklist [] []
[2021-01-21 20:52:04] app.INFO: Module ps_linklist has no vendor folder [] []
[2021-01-21 20:52:04] app.ERROR: Cannot register tab "AdminLinkWidget" because it already exists [] []
[2021-01-21 20:52:05] app.INFO: Protect vendor folder in module ps_mainmenu [] []
[2021-01-21 20:52:05] app.INFO: Module ps_mainmenu has no vendor folder [] []
[2021-01-21 20:52:05] app.INFO: Protect vendor folder in module ps_searchbar [] []
[2021-01-21 20:52:05] app.INFO: Module ps_searchbar has no vendor folder [] []
[2021-01-21 20:52:05] app.INFO: Protect vendor folder in module ps_sharebuttons [] []
[2021-01-21 20:52:05] app.INFO: Module ps_sharebuttons has no vendor folder [] []
[2021-01-21 20:52:05] app.INFO: Protect vendor folder in module ps_shoppingcart [] []
[2021-01-21 20:52:05] app.INFO: Module ps_shoppingcart has no vendor folder [] []
[2021-01-21 20:52:05] app.INFO: Protect vendor folder in module ps_socialfollow [] []
[2021-01-21 20:52:05] app.INFO: Module ps_socialfollow has no vendor folder [] []
[2021-01-21 20:52:05] app.INFO: Protect vendor folder in module ps_themecusto [] []
[2021-01-21 20:52:05] app.INFO: Module ps_themecusto has no vendor folder [] []
[2021-01-21 20:52:05] app.INFO: Protect vendor folder in module ps_wirepayment [] []
[2021-01-21 20:52:05] app.INFO: Module ps_wirepayment has no vendor folder [] []
[2021-01-21 20:52:05] app.INFO: Protect vendor folder in module sekeywords [] []
[2021-01-21 20:52:05] app.INFO: Module sekeywords has no vendor folder [] []
[2021-01-21 20:52:05] app.INFO: Protect vendor folder in module statsbestcategories [] []
[2021-01-21 20:52:05] app.INFO: Module statsbestcategories has no vendor folder [] []
[2021-01-21 20:52:05] app.INFO: Protect vendor folder in module statsbestcustomers [] []
[2021-01-21 20:52:05] app.INFO: Module statsbestcustomers has no vendor folder [] []
[2021-01-21 20:52:05] app.INFO: Protect vendor folder in module statsbestproducts [] []
[2021-01-21 20:52:05] app.INFO: Module statsbestproducts has no vendor folder [] []
[2021-01-21 20:52:05] app.INFO: Protect vendor folder in module statsbestsuppliers [] []
[2021-01-21 20:52:05] app.INFO: Module statsbestsuppliers has no vendor folder [] []
[2021-01-21 20:52:05] app.INFO: Protect vendor folder in module statsbestvouchers [] []
[2021-01-21 20:52:05] app.INFO: Module statsbestvouchers has no vendor folder [] []
[2021-01-21 20:52:05] app.INFO: Protect vendor folder in module statscarrier [] []
[2021-01-21 20:52:05] app.INFO: Module statscarrier has no vendor folder [] []
[2021-01-21 20:52:06] app.INFO: Protect vendor folder in module statscatalog [] []
[2021-01-21 20:52:06] app.INFO: Module statscatalog has no vendor folder [] []
[2021-01-21 20:52:06] app.INFO: Protect vendor folder in module statscheckup [] []
[2021-01-21 20:52:06] app.INFO: Module statscheckup has no vendor folder [] []
[2021-01-21 20:52:06] app.INFO: Protect vendor folder in module statsdata [] []
[2021-01-21 20:52:06] app.INFO: Module statsdata has no vendor folder [] []
[2021-01-21 20:52:06] app.INFO: Protect vendor folder in module statsequipment [] []
[2021-01-21 20:52:06] app.INFO: Module statsequipment has no vendor folder [] []
[2021-01-21 20:52:06] app.INFO: Protect vendor folder in module statsforecast [] []
[2021-01-21 20:52:06] app.INFO: Module statsforecast has no vendor folder [] []
[2021-01-21 20:52:06] app.INFO: Protect vendor folder in module statslive [] []
[2021-01-21 20:52:06] app.INFO: Module statslive has no vendor folder [] []
[2021-01-21 20:52:06] app.INFO: Protect vendor folder in module statsnewsletter [] []
[2021-01-21 20:52:06] app.INFO: Module statsnewsletter has no vendor folder [] []
[2021-01-21 20:52:06] app.INFO: Protect vendor folder in module statsorigin [] []
[2021-01-21 20:52:06] app.INFO: Module statsorigin has no vendor folder [] []
[2021-01-21 20:52:06] app.INFO: Protect vendor folder in module statspersonalinfos [] []
[2021-01-21 20:52:06] app.INFO: Module statspersonalinfos has no vendor folder [] []
[2021-01-21 20:52:06] app.INFO: Protect vendor folder in module statsproduct [] []
[2021-01-21 20:52:06] app.INFO: Module statsproduct has no vendor folder [] []
[2021-01-21 20:52:06] app.INFO: Protect vendor folder in module statsregistrations [] []
[2021-01-21 20:52:06] app.INFO: Module statsregistrations has no vendor folder [] []
[2021-01-21 20:52:07] app.INFO: Protect vendor folder in module statssales [] []
[2021-01-21 20:52:07] app.INFO: Module statssales has no vendor folder [] []
[2021-01-21 20:52:07] app.INFO: Protect vendor folder in module statssearch [] []
[2021-01-21 20:52:07] app.INFO: Module statssearch has no vendor folder [] []
[2021-01-21 20:52:07] app.INFO: Protect vendor folder in module statsstock [] []
[2021-01-21 20:52:07] app.INFO: Module statsstock has no vendor folder [] []
[2021-01-21 20:52:07] app.INFO: Protect vendor folder in module statsvisits [] []
[2021-01-21 20:52:07] app.INFO: Module statsvisits has no vendor folder [] []
[2021-01-21 20:52:07] app.INFO: Protect vendor folder in module welcome [] []
[2021-01-21 20:52:07] app.INFO: Module welcome has no vendor folder [] []
[2021-01-21 20:52:11] app.INFO: Exporting mail with theme modern for language Français (French) [] []
[2021-01-21 20:52:11] app.INFO: Core output folder: C:\wamp64\www\Test\PlutonShop/mails [] []
[2021-01-21 20:52:11] app.INFO: Modules output folder: C:\wamp64\www\Test\PlutonShop/modules/ [] []
[2021-01-21 20:55:43] app.ERROR: Data from PrestaShop Addons is invalid, and cannot fallback on cache.  {"exception":"cURL error 28: Operation timed out after 5003 milliseconds with 694106 bytes received"} []
[2021-01-21 20:55:44] app.INFO: Protect vendor folder in module gamification [] []
[2021-01-21 20:55:44] app.INFO: Protect vendor folder in module emarketing [] []
[2021-01-21 20:55:44] app.INFO: Protect vendor folder in module psaddonsconnect [] []
[2021-01-21 20:55:44] app.INFO: Protect vendor folder in module psgdpr [] []
[2021-01-21 20:55:44] app.INFO: Protect vendor folder in module ps_mbo [] []
[2021-01-21 20:55:44] app.INFO: Protect vendor folder in module ps_buybuttonlite [] []
[2021-01-21 20:55:45] app.INFO: Protect vendor folder in module ps_accounts [] []
[2021-01-21 20:55:45] app.INFO: Module ps_accounts has no vendor folder [] []
[2021-01-21 20:59:44] app.ERROR: Data from PrestaShop Addons is invalid, and cannot fallback on cache.  {"exception":"cURL error 28: Operation timed out after 5002 milliseconds with 268140 bytes received"} []
[2021-01-21 20:59:44] app.INFO: Protect vendor folder in module contactform [] []
[2021-01-21 20:59:44] app.INFO: Module contactform has no vendor folder [] []
[2021-01-21 20:59:45] app.INFO: Protect vendor folder in module dashactivity [] []
[2021-01-21 20:59:45] app.INFO: Module dashactivity has no vendor folder [] []
[2021-01-21 20:59:45] app.INFO: Protect vendor folder in module dashgoals [] []
[2021-01-21 20:59:45] app.INFO: Module dashgoals has no vendor folder [] []
[2021-01-21 20:59:45] app.INFO: Protect vendor folder in module dashproducts [] []
[2021-01-21 20:59:45] app.INFO: Module dashproducts has no vendor folder [] []
[2021-01-21 20:59:45] app.INFO: Protect vendor folder in module dashtrends [] []
[2021-01-21 20:59:45] app.INFO: Module dashtrends has no vendor folder [] []
[2021-01-21 20:59:45] app.INFO: Protect vendor folder in module graphnvd3 [] []
[2021-01-21 20:59:45] app.INFO: Module graphnvd3 has no vendor folder [] []
[2021-01-21 20:59:45] app.INFO: Protect vendor folder in module gridhtml [] []
[2021-01-21 20:59:45] app.INFO: Module gridhtml has no vendor folder [] []
[2021-01-21 20:59:45] app.INFO: Protect vendor folder in module gsitemap [] []
[2021-01-21 20:59:45] app.INFO: Module gsitemap has no vendor folder [] []
[2021-01-21 20:59:45] app.INFO: Protect vendor folder in module pagesnotfound [] []
[2021-01-21 20:59:45] app.INFO: Module pagesnotfound has no vendor folder [] []
[2021-01-21 20:59:46] app.INFO: Protect vendor folder in module productcomments [] []
[2021-01-21 20:59:46] app.INFO: Module productcomments has no vendor folder [] []
[2021-01-21 20:59:46] app.INFO: Protect vendor folder in module ps_banner [] []
[2021-01-21 20:59:46] app.INFO: Module ps_banner has no vendor folder [] []
[2021-01-21 20:59:46] app.INFO: Protect vendor folder in module ps_categorytree [] []
[2021-01-21 20:59:46] app.INFO: Module ps_categorytree has no vendor folder [] []
[2021-01-21 20:59:46] app.INFO: Protect vendor folder in module ps_checkpayment [] []
[2021-01-21 20:59:46] app.INFO: Module ps_checkpayment has no vendor folder [] []
[2021-01-21 20:59:46] app.INFO: Protect vendor folder in module ps_contactinfo [] []
[2021-01-21 20:59:46] app.INFO: Module ps_contactinfo has no vendor folder [] []
[2021-01-21 20:59:46] app.INFO: Protect vendor folder in module ps_crossselling [] []
[2021-01-21 20:59:46] app.INFO: Module ps_crossselling has no vendor folder [] []
[2021-01-21 20:59:46] app.INFO: Protect vendor folder in module ps_currencyselector [] []
[2021-01-21 20:59:46] app.INFO: Module ps_currencyselector has no vendor folder [] []
[2021-01-21 20:59:46] app.INFO: Protect vendor folder in module ps_customeraccountlinks [] []
[2021-01-21 20:59:46] app.INFO: Module ps_customeraccountlinks has no vendor folder [] []
[2021-01-21 20:59:46] app.INFO: Protect vendor folder in module ps_customersignin [] []
[2021-01-21 20:59:46] app.INFO: Module ps_customersignin has no vendor folder [] []
[2021-01-21 20:59:47] app.INFO: Protect vendor folder in module ps_customtext [] []
[2021-01-21 20:59:47] app.INFO: Module ps_customtext has no vendor folder [] []
[2021-01-21 20:59:47] app.INFO: Protect vendor folder in module ps_dataprivacy [] []
[2021-01-21 20:59:47] app.INFO: Module ps_dataprivacy has no vendor folder [] []
[2021-01-21 20:59:47] app.INFO: Protect vendor folder in module ps_emailsubscription [] []
[2021-01-21 20:59:47] app.INFO: Module ps_emailsubscription has no vendor folder [] []
[2021-01-21 20:59:47] app.INFO: Protect vendor folder in module ps_facetedsearch [] []
[2021-01-21 20:59:47] app.INFO: Module ps_facetedsearch has no vendor folder [] []
[2021-01-21 20:59:47] app.INFO: Protect vendor folder in module ps_faviconnotificationbo [] []
[2021-01-21 20:59:47] app.INFO: Module ps_faviconnotificationbo has no vendor folder [] []
[2021-01-21 20:59:48] app.INFO: Protect vendor folder in module ps_featuredproducts [] []
[2021-01-21 20:59:48] app.INFO: Module ps_featuredproducts has no vendor folder [] []
[2021-01-21 20:59:48] app.INFO: Protect vendor folder in module ps_imageslider [] []
[2021-01-21 20:59:48] app.INFO: Module ps_imageslider has no vendor folder [] []
[2021-01-21 20:59:48] app.INFO: Protect vendor folder in module ps_languageselector [] []
[2021-01-21 20:59:48] app.INFO: Module ps_languageselector has no vendor folder [] []
[2021-01-21 20:59:48] app.INFO: Protect vendor folder in module ps_linklist [] []
[2021-01-21 20:59:48] app.INFO: Module ps_linklist has no vendor folder [] []
[2021-01-21 20:59:48] app.ERROR: Cannot register tab "AdminLinkWidget" because it already exists [] []
[2021-01-21 20:59:48] app.INFO: Protect vendor folder in module ps_mainmenu [] []
[2021-01-21 20:59:48] app.INFO: Module ps_mainmenu has no vendor folder [] []
[2021-01-21 20:59:48] app.INFO: Protect vendor folder in module ps_searchbar [] []
[2021-01-21 20:59:48] app.INFO: Module ps_searchbar has no vendor folder [] []
[2021-01-21 20:59:48] app.INFO: Protect vendor folder in module ps_sharebuttons [] []
[2021-01-21 20:59:48] app.INFO: Module ps_sharebuttons has no vendor folder [] []
[2021-01-21 20:59:49] app.INFO: Protect vendor folder in module ps_shoppingcart [] []
[2021-01-21 20:59:49] app.INFO: Module ps_shoppingcart has no vendor folder [] []
[2021-01-21 20:59:49] app.INFO: Protect vendor folder in module ps_socialfollow [] []
[2021-01-21 20:59:49] app.INFO: Module ps_socialfollow has no vendor folder [] []
[2021-01-21 20:59:49] app.INFO: Protect vendor folder in module ps_themecusto [] []
[2021-01-21 20:59:49] app.INFO: Module ps_themecusto has no vendor folder [] []
[2021-01-21 20:59:49] app.INFO: Protect vendor folder in module ps_wirepayment [] []
[2021-01-21 20:59:49] app.INFO: Module ps_wirepayment has no vendor folder [] []
[2021-01-21 20:59:49] app.INFO: Protect vendor folder in module sekeywords [] []
[2021-01-21 20:59:49] app.INFO: Module sekeywords has no vendor folder [] []
[2021-01-21 20:59:49] app.INFO: Protect vendor folder in module statsbestcategories [] []
[2021-01-21 20:59:49] app.INFO: Module statsbestcategories has no vendor folder [] []
[2021-01-21 20:59:49] app.INFO: Protect vendor folder in module statsbestcustomers [] []
[2021-01-21 20:59:49] app.INFO: Module statsbestcustomers has no vendor folder [] []
[2021-01-21 20:59:49] app.INFO: Protect vendor folder in module statsbestproducts [] []
[2021-01-21 20:59:49] app.INFO: Module statsbestproducts has no vendor folder [] []
[2021-01-21 20:59:49] app.INFO: Protect vendor folder in module statsbestsuppliers [] []
[2021-01-21 20:59:49] app.INFO: Module statsbestsuppliers has no vendor folder [] []
[2021-01-21 20:59:49] app.INFO: Protect vendor folder in module statsbestvouchers [] []
[2021-01-21 20:59:49] app.INFO: Module statsbestvouchers has no vendor folder [] []
[2021-01-21 20:59:49] app.INFO: Protect vendor folder in module statscarrier [] []
[2021-01-21 20:59:49] app.INFO: Module statscarrier has no vendor folder [] []
[2021-01-21 20:59:49] app.INFO: Protect vendor folder in module statscatalog [] []
[2021-01-21 20:59:49] app.INFO: Module statscatalog has no vendor folder [] []
[2021-01-21 20:59:49] app.INFO: Protect vendor folder in module statscheckup [] []
[2021-01-21 20:59:49] app.INFO: Module statscheckup has no vendor folder [] []
[2021-01-21 20:59:49] app.INFO: Protect vendor folder in module statsdata [] []
[2021-01-21 20:59:49] app.INFO: Module statsdata has no vendor folder [] []
[2021-01-21 20:59:49] app.INFO: Protect vendor folder in module statsequipment [] []
[2021-01-21 20:59:49] app.INFO: Module statsequipment has no vendor folder [] []
[2021-01-21 20:59:50] app.INFO: Protect vendor folder in module statsforecast [] []
[2021-01-21 20:59:50] app.INFO: Module statsforecast has no vendor folder [] []
[2021-01-21 20:59:50] app.INFO: Protect vendor folder in module statslive [] []
[2021-01-21 20:59:50] app.INFO: Module statslive has no vendor folder [] []
[2021-01-21 20:59:50] app.INFO: Protect vendor folder in module statsnewsletter [] []
[2021-01-21 20:59:50] app.INFO: Module statsnewsletter has no vendor folder [] []
[2021-01-21 20:59:50] app.INFO: Protect vendor folder in module statsorigin [] []
[2021-01-21 20:59:50] app.INFO: Module statsorigin has no vendor folder [] []
[2021-01-21 20:59:50] app.INFO: Protect vendor folder in module statspersonalinfos [] []
[2021-01-21 20:59:50] app.INFO: Module statspersonalinfos has no vendor folder [] []
[2021-01-21 20:59:50] app.INFO: Protect vendor folder in module statsproduct [] []
[2021-01-21 20:59:50] app.INFO: Module statsproduct has no vendor folder [] []
[2021-01-21 20:59:50] app.INFO: Protect vendor folder in module statsregistrations [] []
[2021-01-21 20:59:50] app.INFO: Module statsregistrations has no vendor folder [] []
[2021-01-21 20:59:50] app.INFO: Protect vendor folder in module statssales [] []
[2021-01-21 20:59:50] app.INFO: Module statssales has no vendor folder [] []
[2021-01-21 20:59:50] app.INFO: Protect vendor folder in module statssearch [] []
[2021-01-21 20:59:50] app.INFO: Module statssearch has no vendor folder [] []
[2021-01-21 20:59:50] app.INFO: Protect vendor folder in module statsstock [] []
[2021-01-21 20:59:50] app.INFO: Module statsstock has no vendor folder [] []
[2021-01-21 20:59:50] app.INFO: Protect vendor folder in module statsvisits [] []
[2021-01-21 20:59:50] app.INFO: Module statsvisits has no vendor folder [] []
[2021-01-21 20:59:50] app.INFO: Protect vendor folder in module welcome [] []
[2021-01-21 20:59:50] app.INFO: Module welcome has no vendor folder [] []
[2021-01-21 20:59:58] app.INFO: Exporting mail with theme modern for language Français (French) [] []
[2021-01-21 20:59:58] app.INFO: Core output folder: C:\wamp64\www\Test\PlutonShop/mails [] []
[2021-01-21 20:59:58] app.INFO: Modules output folder: C:\wamp64\www\Test\PlutonShop/modules/ [] []
[2021-01-21 21:02:53] app.ERROR: Data from PrestaShop Addons is invalid, and cannot fallback on cache.  {"exception":"cURL error 28: Operation timed out after 5009 milliseconds with 812602 bytes received"} []
[2021-01-21 21:02:54] app.INFO: Protect vendor folder in module gamification [] []
[2021-01-21 21:02:54] app.INFO: Protect vendor folder in module emarketing [] []
[2021-01-21 21:02:54] app.INFO: Protect vendor folder in module psaddonsconnect [] []
[2021-01-21 21:02:54] app.INFO: Protect vendor folder in module psgdpr [] []
[2021-01-21 21:02:54] app.INFO: Protect vendor folder in module ps_mbo [] []
[2021-01-21 21:02:54] app.INFO: Protect vendor folder in module ps_buybuttonlite [] []
[2021-01-21 21:02:55] app.INFO: Protect vendor folder in module ps_accounts [] []
[2021-01-21 21:02:55] app.INFO: Module ps_accounts has no vendor folder [] []
[2021-01-21 21:09:41] request.INFO: Matched route "admin_product_form". {"route":"admin_product_form","route_parameters":{"_controller":"PrestaShopBundle\\Controller\\Admin\\ProductController::formAction","_legacy_controller":"AdminProducts","_legacy_param_mapper_class":"PrestaShop\\PrestaShop\\Adapter\\Product\\AdminProductDataProvider","_legacy_param_mapper_method":"mapLegacyParametersProductForm","id":"1","_route":"admin_product_form"},"request_uri":"http://localhost/test/PlutonShop/admin776cypbob/index.php/sell/catalog/products/1?_token=-SeMPbXCKbM5y1RsPdRGqsi3HxAiY9pCgb785M71GI0","method":"GET"} []
[2021-01-21 21:09:41] security.DEBUG: Read existing security token from the session. {"key":"_security_main","token_class":"Symfony\\Component\\Security\\Core\\Authentication\\Token\\UsernamePasswordToken"} []
[2021-01-21 21:09:41] security.DEBUG: User was reloaded from a user provider. {"provider":"PrestaShopBundle\\Security\\Admin\\EmployeeProvider","username":"pluton.prods@gmail.com"} []
[2021-01-21 21:09:47] app.ERROR: Data from PrestaShop Addons is invalid, and cannot fallback on cache.  {"exception":"Client error response [url] https://api-addons.prestashop.com?format=json&iso_lang=fr&iso_code=FR&version=1.7.7.1&shop_url=http%3A%2F%2Flocalhost&method=listing&action=customer&username=&password= [status code] 400 [reason phrase] Bad Request"} []
[2021-01-21 21:09:50] security.DEBUG: Stored the security token in the session. {"key":"_security_main"} []
[2021-01-21 21:13:56] request.INFO: Matched route "admin_payment_preferences". {"route":"admin_payment_preferences","route_parameters":{"_legacy_controller":"AdminPaymentPreferences","_legacy_link":"AdminPaymentPreferences","_controller":"PrestaShopBundle\\Controller\\Admin\\Improve\\Payment\\PaymentPreferencesController::indexAction","_route":"admin_payment_preferences"},"request_uri":"http://localhost/test/PlutonShop/admin776cypbob/index.php/improve/payment/preferences?_token=-SeMPbXCKbM5y1RsPdRGqsi3HxAiY9pCgb785M71GI0","method":"GET"} []
[2021-01-21 21:13:56] security.DEBUG: Read existing security token from the session. {"key":"_security_main","token_class":"Symfony\\Component\\Security\\Core\\Authentication\\Token\\UsernamePasswordToken"} []
[2021-01-21 21:13:56] security.DEBUG: User was reloaded from a user provider. {"provider":"PrestaShopBundle\\Security\\Admin\\EmployeeProvider","username":"pluton.prods@gmail.com"} []
[2021-01-21 21:13:56] app.ERROR: Data from PrestaShop Addons is invalid, and cannot fallback on cache.  {"exception":"Client error response [url] https://api-addons.prestashop.com?format=json&iso_lang=fr&iso_code=FR&version=1.7.7.1&shop_url=http%3A%2F%2Flocalhost&method=listing&action=customer&username=&password= [status code] 400 [reason phrase] Bad Request"} []
[2021-01-21 21:14:01] security.DEBUG: Stored the security token in the session. {"key":"_security_main"} []
[2021-01-21 21:15:54] request.INFO: Matched route "admin_module_manage". {"route":"admin_module_manage","route_parameters":{"category":null,"keyword":null,"_controller":"PrestaShopBundle\\Controller\\Admin\\Improve\\ModuleController::manageAction","_legacy_controller":"AdminModulesManage","_legacy_link":["AdminModulesManage","AdminModulesSf"],"_route":"admin_module_manage"},"request_uri":"http://localhost/test/PlutonShop/admin776cypbob/index.php/improve/modules/manage?_token=-SeMPbXCKbM5y1RsPdRGqsi3HxAiY9pCgb785M71GI0","method":"GET"} []
[2021-01-21 21:15:54] security.DEBUG: Read existing security token from the session. {"key":"_security_main","token_class":"Symfony\\Component\\Security\\Core\\Authentication\\Token\\UsernamePasswordToken"} []
[2021-01-21 21:15:54] security.DEBUG: User was reloaded from a user provider. {"provider":"PrestaShopBundle\\Security\\Admin\\EmployeeProvider","username":"pluton.prods@gmail.com"} []
[2021-01-21 21:15:54] app.ERROR: Data from PrestaShop Addons is invalid, and cannot fallback on cache.  {"exception":"Client error response [url] https://api-addons.prestashop.com?format=json&iso_lang=fr&iso_code=FR&version=1.7.7.1&shop_url=http%3A%2F%2Flocalhost&method=listing&action=customer&username=&password= [status code] 400 [reason phrase] Bad Request"} []
[2021-01-21 21:15:55] security.DEBUG: Stored the security token in the session. {"key":"_security_main"} []
[2021-01-21 21:15:56] request.INFO: Matched route "admin_module_notification_count". {"route":"admin_module_notification_count","route_parameters":{"_controller":"PrestaShopBundle\\Controller\\Admin\\Improve\\Modules\\AlertsController::notificationsCountAction","_legacy_controller":"AdminModulesNotifications","_legacy_link":"AdminModulesNotifications:count","_route":"admin_module_notification_count"},"request_uri":"http://localhost/test/PlutonShop/admin776cypbob/index.php/improve/modules/alerts/count?_token=-SeMPbXCKbM5y1RsPdRGqsi3HxAiY9pCgb785M71GI0","method":"GET"} []
[2021-01-21 21:15:56] security.DEBUG: Read existing security token from the session. {"key":"_security_main","token_class":"Symfony\\Component\\Security\\Core\\Authentication\\Token\\UsernamePasswordToken"} []
[2021-01-21 21:15:56] security.DEBUG: User was reloaded from a user provider. {"provider":"PrestaShopBundle\\Security\\Admin\\EmployeeProvider","username":"pluton.prods@gmail.com"} []
[2021-01-21 21:15:56] app.ERROR: Data from PrestaShop Addons is invalid, and cannot fallback on cache.  {"exception":"Client error response [url] https://api-addons.prestashop.com?format=json&iso_lang=fr&iso_code=FR&version=1.7.7.1&shop_url=http%3A%2F%2Flocalhost&method=listing&action=customer&username=&password= [status code] 400 [reason phrase] Bad Request"} []
[2021-01-21 21:15:57] security.DEBUG: Stored the security token in the session. {"key":"_security_main"} []
[2021-01-21 21:16:11] request.INFO: Matched route "admin_module_notification". {"route":"admin_module_notification","route_parameters":{"_controller":"PrestaShopBundle\\Controller\\Admin\\Improve\\Modules\\AlertsController::indexAction","_legacy_controller":"AdminModulesNotifications","_legacy_link":"AdminModulesNotifications","_route":"admin_module_notification"},"request_uri":"http://localhost/test/PlutonShop/admin776cypbob/index.php/improve/modules/alerts?_token=-SeMPbXCKbM5y1RsPdRGqsi3HxAiY9pCgb785M71GI0","method":"GET"} []
[2021-01-21 21:16:11] security.DEBUG: Read existing security token from the session. {"key":"_security_main","token_class":"Symfony\\Component\\Security\\Core\\Authentication\\Token\\UsernamePasswordToken"} []
[2021-01-21 21:16:11] security.DEBUG: User was reloaded from a user provider. {"provider":"PrestaShopBundle\\Security\\Admin\\EmployeeProvider","username":"pluton.prods@gmail.com"} []
[2021-01-21 21:16:11] app.ERROR: Data from PrestaShop Addons is invalid, and cannot fallback on cache.  {"exception":"Client error response [url] https://api-addons.prestashop.com?format=json&iso_lang=fr&iso_code=FR&version=1.7.7.1&shop_url=http%3A%2F%2Flocalhost&method=listing&action=customer&username=&password= [status code] 400 [reason phrase] Bad Request"} []
[2021-01-21 21:16:12] security.DEBUG: Stored the security token in the session. {"key":"_security_main"} []
[2021-01-21 21:16:12] request.INFO: Matched route "admin_module_notification_count". {"route":"admin_module_notification_count","route_parameters":{"_controller":"PrestaShopBundle\\Controller\\Admin\\Improve\\Modules\\AlertsController::notificationsCountAction","_legacy_controller":"AdminModulesNotifications","_legacy_link":"AdminModulesNotifications:count","_route":"admin_module_notification_count"},"request_uri":"http://localhost/test/PlutonShop/admin776cypbob/index.php/improve/modules/alerts/count?_token=-SeMPbXCKbM5y1RsPdRGqsi3HxAiY9pCgb785M71GI0","method":"GET"} []
[2021-01-21 21:16:12] security.DEBUG: Read existing security token from the session. {"key":"_security_main","token_class":"Symfony\\Component\\Security\\Core\\Authentication\\Token\\UsernamePasswordToken"} []
[2021-01-21 21:16:12] security.DEBUG: User was reloaded from a user provider. {"provider":"PrestaShopBundle\\Security\\Admin\\EmployeeProvider","username":"pluton.prods@gmail.com"} []
[2021-01-21 21:16:12] app.ERROR: Data from PrestaShop Addons is invalid, and cannot fallback on cache.  {"exception":"Client error response [url] https://api-addons.prestashop.com?format=json&iso_lang=fr&iso_code=FR&version=1.7.7.1&shop_url=http%3A%2F%2Flocalhost&method=listing&action=customer&username=&password= [status code] 400 [reason phrase] Bad Request"} []
[2021-01-21 21:16:12] security.DEBUG: Stored the security token in the session. {"key":"_security_main"} []
[2021-01-21 21:16:20] request.INFO: Matched route "admin_module_configure_action". {"route":"admin_module_configure_action","route_parameters":{"_controller":"PrestaShopBundle\\Controller\\Admin\\Improve\\ModuleController::configureModuleAction","_legacy_controller":"AdminModules","module_name":"ps_checkpayment","_route":"admin_module_configure_action"},"request_uri":"http://localhost/test/PlutonShop/admin776cypbob/index.php/improve/modules/manage/action/configure/ps_checkpayment?_token=-SeMPbXCKbM5y1RsPdRGqsi3HxAiY9pCgb785M71GI0","method":"GET"} []
[2021-01-21 21:16:20] security.DEBUG: Read existing security token from the session. {"key":"_security_main","token_class":"Symfony\\Component\\Security\\Core\\Authentication\\Token\\UsernamePasswordToken"} []
[2021-01-21 21:16:20] security.DEBUG: User was reloaded from a user provider. {"provider":"PrestaShopBundle\\Security\\Admin\\EmployeeProvider","username":"pluton.prods@gmail.com"} []
[2021-01-21 21:16:20] app.ERROR: Data from PrestaShop Addons is invalid, and cannot fallback on cache.  {"exception":"Client error response [url] https://api-addons.prestashop.com?format=json&iso_lang=fr&iso_code=FR&version=1.7.7.1&shop_url=http%3A%2F%2Flocalhost&method=listing&action=customer&username=&password= [status code] 400 [reason phrase] Bad Request"} []
[2021-01-21 21:16:21] security.DEBUG: Stored the security token in the session. {"key":"_security_main"} []
